<?xml version="1.0" encoding="UTF-8"?>
<coverage generated="1787218197168" clover="3.2.0">
  <project timestamp="1787218197168" name="All files">
    <metrics statements="28" coveredstatements="28" conditionals="4" coveredconditionals="4" methods="18" coveredmethods="18" elements="50" coveredelements="50" complexity="0" loc="28" ncloc="28" packages="1" files="1" classes="1"/>
    <file name="script.js" path="/home/muhammad.yasin/Desktop/Week4/Day3/Task1/script.js">
      <metrics statements="28" coveredstatements="28" conditionals="4" coveredconditionals="4" methods="18" coveredmethods="18"/>
      <line num="4" count="3" type="stmt"/>
      <line num="6" count="3" type="stmt"/>
      <line num="7" count="6" type="stmt"/>
      <line num="10" count="3" type="stmt"/>
      <line num="16" count="5" type="stmt"/>
      <line num="18" count="3" type="stmt"/>
      <line num="19" count="15" type="stmt"/>
      <line num="24" count="3" type="stmt"/>
      <line num="25" count="6" type="stmt"/>
      <line num="27" count="6" type="cond" truecount="2" falsecount="0"/>
      <line num="28" count="4" type="stmt"/>
      <line num="31" count="6" type="stmt"/>
      <line num="32" count="6" type="stmt"/>
      <line num="38" count="1" type="stmt"/>
      <line num="39" count="3" type="stmt"/>
      <line num="40" count="5" type="stmt"/>
      <line num="45" count="1" type="stmt"/>
      <line num="46" count="3" type="stmt"/>
      <line num="47" count="5" type="stmt"/>
      <line num="52" count="1" type="stmt"/>
      <line num="53" count="4" type="stmt"/>
      <line num="54" count="7" type="cond" truecount="2" falsecount="0"/>
      <line num="55" count="2" type="stmt"/>
      <line num="58" count="4" type="stmt"/>
      <line num="61" count="4" type="stmt"/>
      <line num="65" count="1" type="stmt"/>
      <line num="66" count="3" type="stmt"/>
      <line num="67" count="3" type="stmt"/>
    </file>
  </project>
</coverage>
