{"/home/muhammad.yasin/Desktop/Week4/Day3/Task1/script.js": {"path":"/home/muhammad.yasin/Desktop/Week4/Day3/Task1/script.js","statementMap":{"0":{"start":{"line":4,"column":17},"end":{"line":4,"column":19}},"1":{"start":{"line":6,"column":2},"end":{"line":8,"column":null}},"2":{"start":{"line":6,"column":15},"end":{"line":6,"column":16}},"3":{"start":{"line":7,"column":4},"end":{"line":7,"column":null}},"4":{"start":{"line":10,"column":2},"end":{"line":10,"column":null}},"5":{"start":{"line":16,"column":20},"end":{"line":16,"column":60}},"6":{"start":{"line":16,"column":50},"end":{"line":16,"column":58}},"7":{"start":{"line":18,"column":2},"end":{"line":20,"column":null}},"8":{"start":{"line":19,"column":4},"end":{"line":19,"column":31}},"9":{"start":{"line":19,"column":24},"end":{"line":19,"column":30}},"10":{"start":{"line":24,"column":2},"end":{"line":33,"column":null}},"11":{"start":{"line":25,"column":16},"end":{"line":25,"column":27}},"12":{"start":{"line":27,"column":4},"end":{"line":29,"column":null}},"13":{"start":{"line":28,"column":6},"end":{"line":28,"column":null}},"14":{"start":{"line":31,"column":4},"end":{"line":31,"column":null}},"15":{"start":{"line":32,"column":4},"end":{"line":32,"column":null}},"16":{"start":{"line":38,"column":20},"end":{"line":42,"column":1}},"17":{"start":{"line":39,"column":2},"end":{"line":41,"column":null}},"18":{"start":{"line":40,"column":4},"end":{"line":40,"column":null}},"19":{"start":{"line":40,"column":43},"end":{"line":40,"column":52}},"20":{"start":{"line":45,"column":23},"end":{"line":49,"column":1}},"21":{"start":{"line":46,"column":2},"end":{"line":48,"column":null}},"22":{"start":{"line":47,"column":4},"end":{"line":47,"column":null}},"23":{"start":{"line":47,"column":48},"end":{"line":47,"column":57}},"24":{"start":{"line":52,"column":21},"end":{"line":62,"column":1}},"25":{"start":{"line":53,"column":18},"end":{"line":59,"column":3}},"26":{"start":{"line":54,"column":4},"end":{"line":56,"column":null}},"27":{"start":{"line":55,"column":6},"end":{"line":55,"column":null}},"28":{"start":{"line":58,"column":4},"end":{"line":58,"column":null}},"29":{"start":{"line":58,"column":28},"end":{"line":58,"column":57}},"30":{"start":{"line":61,"column":2},"end":{"line":61,"column":null}},"31":{"start":{"line":65,"column":23},"end":{"line":69,"column":1}},"32":{"start":{"line":66,"column":2},"end":{"line":68,"column":null}},"33":{"start":{"line":67,"column":4},"end":{"line":67,"column":null}}},"fnMap":{"0":{"name":"chunk","decl":{"start":{"line":3,"column":16},"end":{"line":3,"column":21}},"loc":{"start":{"line":3,"column":33},"end":{"line":11,"column":null}},"line":3},"1":{"name":"zip","decl":{"start":{"line":15,"column":16},"end":{"line":15,"column":19}},"loc":{"start":{"line":15,"column":31},"end":{"line":21,"column":null}},"line":15},"2":{"name":"(anonymous_2)","decl":{"start":{"line":16,"column":43},"end":{"line":16,"column":44}},"loc":{"start":{"line":16,"column":50},"end":{"line":16,"column":58}},"line":16},"3":{"name":"(anonymous_3)","decl":{"start":{"line":18,"column":43},"end":{"line":18,"column":44}},"loc":{"start":{"line":19,"column":4},"end":{"line":19,"column":31}},"line":19},"4":{"name":"(anonymous_4)","decl":{"start":{"line":19,"column":15},"end":{"line":19,"column":16}},"loc":{"start":{"line":19,"column":24},"end":{"line":19,"column":30}},"line":19},"5":{"name":"groupBy","decl":{"start":{"line":23,"column":16},"end":{"line":23,"column":23}},"loc":{"start":{"line":23,"column":36},"end":{"line":34,"column":null}},"line":23},"6":{"name":"(anonymous_6)","decl":{"start":{"line":24,"column":20},"end":{"line":24,"column":21}},"loc":{"start":{"line":24,"column":38},"end":{"line":33,"column":3}},"line":24},"7":{"name":"(anonymous_7)","decl":{"start":{"line":38,"column":20},"end":{"line":38,"column":21}},"loc":{"start":{"line":38,"column":38},"end":{"line":42,"column":1}},"line":38},"8":{"name":"(anonymous_8)","decl":{"start":{"line":39,"column":9},"end":{"line":39,"column":10}},"loc":{"start":{"line":39,"column":27},"end":{"line":41,"column":3}},"line":39},"9":{"name":"(anonymous_9)","decl":{"start":{"line":40,"column":28},"end":{"line":40,"column":29}},"loc":{"start":{"line":40,"column":43},"end":{"line":40,"column":52}},"line":40},"10":{"name":"(anonymous_10)","decl":{"start":{"line":45,"column":23},"end":{"line":45,"column":24}},"loc":{"start":{"line":45,"column":41},"end":{"line":49,"column":1}},"line":45},"11":{"name":"(anonymous_11)","decl":{"start":{"line":46,"column":9},"end":{"line":46,"column":10}},"loc":{"start":{"line":46,"column":27},"end":{"line":48,"column":3}},"line":46},"12":{"name":"(anonymous_12)","decl":{"start":{"line":47,"column":33},"end":{"line":47,"column":34}},"loc":{"start":{"line":47,"column":48},"end":{"line":47,"column":57}},"line":47},"13":{"name":"(anonymous_13)","decl":{"start":{"line":52,"column":21},"end":{"line":52,"column":22}},"loc":{"start":{"line":52,"column":29},"end":{"line":62,"column":1}},"line":52},"14":{"name":"(anonymous_14)","decl":{"start":{"line":53,"column":18},"end":{"line":53,"column":19}},"loc":{"start":{"line":53,"column":31},"end":{"line":59,"column":3}},"line":53},"15":{"name":"(anonymous_15)","decl":{"start":{"line":58,"column":11},"end":{"line":58,"column":12}},"loc":{"start":{"line":58,"column":28},"end":{"line":58,"column":57}},"line":58},"16":{"name":"(anonymous_16)","decl":{"start":{"line":65,"column":23},"end":{"line":65,"column":24}},"loc":{"start":{"line":65,"column":46},"end":{"line":69,"column":1}},"line":65},"17":{"name":"(anonymous_17)","decl":{"start":{"line":66,"column":9},"end":{"line":66,"column":10}},"loc":{"start":{"line":66,"column":31},"end":{"line":68,"column":3}},"line":66}},"branchMap":{"0":{"loc":{"start":{"line":27,"column":4},"end":{"line":29,"column":null}},"type":"if","locations":[{"start":{"line":27,"column":4},"end":{"line":29,"column":null}},{"start":{},"end":{}}],"line":27},"1":{"loc":{"start":{"line":54,"column":4},"end":{"line":56,"column":null}},"type":"if","locations":[{"start":{"line":54,"column":4},"end":{"line":56,"column":null}},{"start":{},"end":{}}],"line":54}},"s":{"0":3,"1":3,"2":3,"3":6,"4":3,"5":3,"6":5,"7":3,"8":6,"9":15,"10":3,"11":6,"12":6,"13":4,"14":6,"15":6,"16":1,"17":3,"18":3,"19":5,"20":1,"21":3,"22":3,"23":5,"24":1,"25":4,"26":7,"27":2,"28":4,"29":3,"30":4,"31":1,"32":3,"33":3},"f":{"0":3,"1":3,"2":5,"3":6,"4":15,"5":3,"6":6,"7":3,"8":3,"9":5,"10":3,"11":3,"12":5,"13":4,"14":7,"15":3,"16":3,"17":3},"b":{"0":[4,2],"1":[2,5]},"meta":{"lastBranch":2,"lastFunction":18,"lastStatement":34,"seen":{"f:3:16:3:21":0,"s:4:17:4:19":0,"s:6:2:8:Infinity":1,"s:6:15:6:16":2,"s:7:4:7:Infinity":3,"s:10:2:10:Infinity":4,"f:15:16:15:19":1,"s:16:20:16:60":5,"f:16:43:16:44":2,"s:16:50:16:58":6,"s:18:2:20:Infinity":7,"f:18:43:18:44":3,"s:19:4:19:31":8,"f:19:15:19:16":4,"s:19:24:19:30":9,"f:23:16:23:23":5,"s:24:2:33:Infinity":10,"f:24:20:24:21":6,"s:25:16:25:27":11,"b:27:4:29:Infinity:undefined:undefined:undefined:undefined":0,"s:27:4:29:Infinity":12,"s:28:6:28:Infinity":13,"s:31:4:31:Infinity":14,"s:32:4:32:Infinity":15,"s:38:20:42:1":16,"f:38:20:38:21":7,"s:39:2:41:Infinity":17,"f:39:9:39:10":8,"s:40:4:40:Infinity":18,"f:40:28:40:29":9,"s:40:43:40:52":19,"s:45:23:49:1":20,"f:45:23:45:24":10,"s:46:2:48:Infinity":21,"f:46:9:46:10":11,"s:47:4:47:Infinity":22,"f:47:33:47:34":12,"s:47:48:47:57":23,"s:52:21:62:1":24,"f:52:21:52:22":13,"s:53:18:59:3":25,"f:53:18:53:19":14,"b:54:4:56:Infinity:undefined:undefined:undefined:undefined":1,"s:54:4:56:Infinity":26,"s:55:6:55:Infinity":27,"s:58:4:58:Infinity":28,"f:58:11:58:12":15,"s:58:28:58:57":29,"s:61:2:61:Infinity":30,"s:65:23:69:1":31,"f:65:23:65:24":16,"s:66:2:68:Infinity":32,"f:66:9:66:10":17,"s:67:4:67:Infinity":33},"fnNames":{}}}
}
